<?xml version="1.0" encoding="UTF-8"?>
<!-- Generated by org.testng.reporters.JUnitXMLReporter -->
<testsuite ignored="4" hostname="DESKTOP-J77L1O0" failures="0" tests="1" name="Default test" time="2.487" errors="0" timestamp="2022-07-27T00:05:13 IST">
  <testcase classname="JsonServerAPIs.ServerAPIs.JsonServerAPITest" name="test_get_all_request" time="2.406"/>
  <testcase classname="JsonServerAPIs.ServerAPIs.JsonServerAPITest" name="test_create_post" time="0.0">
    <ignored/>
  </testcase> <!-- test_create_post -->
  <testcase classname="JsonServerAPIs.ServerAPIs.JsonServerAPITest" name="test_update_post" time="0.0">
    <ignored/>
  </testcase> <!-- test_update_post -->
  <testcase classname="JsonServerAPIs.ServerAPIs.JsonServerAPITest" name="test_delete_post" time="0.0">
    <ignored/>
  </testcase> <!-- test_delete_post -->
  <testcase classname="JsonServerAPIs.ServerAPIs.JsonServerAPITest" name="test_patch_post" time="0.0">
    <ignored/>
  </testcase> <!-- test_patch_post -->
</testsuite> <!-- Default test -->
